# JRE version: Java(TM) SE Runtime Environment (17.0.7+8) (build 17.0.7+8-LTS-224)
# Java VM: Java HotSpot(TM) 64-Bit Server VM (17.0.7+8-LTS-224, mixed mode, sharing, tiered, compressed oops, compressed class ptrs, g1 gc, windows-amd64)
GC Precious Log:
 CPUs: 12 total, 12 available
 Memory: 15741M
 Large Page Support: Disabled
 NUMA Support: Disabled
 Compressed Oops: Enabled (Zero based)
 Heap Region Size: 2M
 Heap Min Capacity: 8M
 Heap Initial Capacity: 246M
 Heap Max Capacity: 3936M
 Pre-touch: Disabled
 Parallel Workers: 10
 Concurrent Workers: 3
 Concurrent Refinement Workers: 10
 Periodic GC: Disabled
Heap:
 garbage-first heap   total 61440K, used 38244K [0x000000070a000000, 0x0000000800000000)
  region size 2048K, 7 young (14336K), 2 survivors (4096K)
 Metaspace       used 73479K, committed 74048K, reserved 1114112K
  class space    used 9819K, committed 10112K, reserved 1048576K
GC Heap History (20 events):
Event: 5.798 GC heap before
{Heap before GC invocations=11 (full 0):
 garbage-first heap   total 61440K, used 44291K [0x000000070a000000, 0x0000000800000000)
  region size 2048K, 13 young (26624K), 1 survivors (2048K)
 Metaspace       used 42385K, committed 42752K, reserved 1089536K
  class space    used 5465K, committed 5632K, reserved 1048576K
}
Event: 5.800 GC heap after
{Heap after GC invocations=12 (full 0):
 garbage-first heap   total 61440K, used 20615K [0x000000070a000000, 0x0000000800000000)
  region size 2048K, 2 young (4096K), 2 survivors (4096K)
 Metaspace       used 42385K, committed 42752K, reserved 1089536K
  class space    used 5465K, committed 5632K, reserved 1048576K
}
Event: 5.884 GC heap before
{Heap before GC invocations=12 (full 0):
 garbage-first heap   total 61440K, used 22663K [0x000000070a000000, 0x0000000800000000)
  region size 2048K, 3 young (6144K), 2 survivors (4096K)
 Metaspace       used 43089K, committed 43456K, reserved 1089536K
  class space    used 5516K, committed 5696K, reserved 1048576K
}
Event: 5.887 GC heap after
{Heap after GC invocations=13 (full 0):
 garbage-first heap   total 61440K, used 20441K [0x000000070a000000, 0x0000000800000000)
  region size 2048K, 1 young (2048K), 1 survivors (2048K)
 Metaspace       used 43089K, committed 43456K, reserved 1089536K
  class space    used 5516K, committed 5696K, reserved 1048576K
}
Event: 6.664 GC heap before
{Heap before GC invocations=13 (full 0):
 garbage-first heap   total 61440K, used 45017K [0x000000070a000000, 0x0000000800000000)
  region size 2048K, 13 young (26624K), 1 survivors (2048K)
 Metaspace       used 52069K, committed 52480K, reserved 1097728K
  class space    used 6657K, committed 6848K, reserved 1048576K
}
Event: 6.666 GC heap after
{Heap after GC invocations=14 (full 0):
 garbage-first heap   total 61440K, used 22180K [0x000000070a000000, 0x0000000800000000)
  region size 2048K, 2 young (4096K), 2 survivors (4096K)
 Metaspace       used 52069K, committed 52480K, reserved 1097728K
  class space    used 6657K, committed 6848K, reserved 1048576K
}
Event: 7.218 GC heap before
{Heap before GC invocations=14 (full 0):
 garbage-first heap   total 61440K, used 44708K [0x000000070a000000, 0x0000000800000000)
  region size 2048K, 13 young (26624K), 2 survivors (4096K)
 Metaspace       used 55780K, committed 56192K, reserved 1097728K
  class space    used 7238K, committed 7424K, reserved 1048576K
}
Event: 7.221 GC heap after
{Heap after GC invocations=15 (full 0):
 garbage-first heap   total 61440K, used 23606K [0x000000070a000000, 0x0000000800000000)
  region size 2048K, 2 young (4096K), 2 survivors (4096K)
 Metaspace       used 55780K, committed 56192K, reserved 1097728K
  class space    used 7238K, committed 7424K, reserved 1048576K
}
Event: 7.572 GC heap before
{Heap before GC invocations=15 (full 0):
 garbage-first heap   total 61440K, used 48182K [0x000000070a000000, 0x0000000800000000)
  region size 2048K, 14 young (28672K), 2 survivors (4096K)
 Metaspace       used 58194K, committed 58624K, reserved 1105920K
  class space    used 7528K, committed 7744K, reserved 1048576K
}
Event: 7.575 GC heap after
{Heap after GC invocations=16 (full 0):
 garbage-first heap   total 61440K, used 24424K [0x000000070a000000, 0x0000000800000000)
  region size 2048K, 2 young (4096K), 2 survivors (4096K)
 Metaspace       used 58194K, committed 58624K, reserved 1105920K
  class space    used 7528K, committed 7744K, reserved 1048576K
}
Event: 7.938 GC heap before
{Heap before GC invocations=16 (full 0):
 garbage-first heap   total 61440K, used 38760K [0x000000070a000000, 0x0000000800000000)
  region size 2048K, 10 young (20480K), 2 survivors (4096K)
 Metaspace       used 59721K, committed 60160K, reserved 1105920K
  class space    used 7732K, committed 7936K, reserved 1048576K
}
Event: 7.939 GC heap after
{Heap after GC invocations=17 (full 0):
 garbage-first heap   total 61440K, used 24910K [0x000000070a000000, 0x0000000800000000)
  region size 2048K, 1 young (2048K), 1 survivors (2048K)
 Metaspace       used 59721K, committed 60160K, reserved 1105920K
  class space    used 7732K, committed 7936K, reserved 1048576K
}
Event: 8.233 GC heap before
{Heap before GC invocations=18 (full 0):
 garbage-first heap   total 61440K, used 45390K [0x000000070a000000, 0x0000000800000000)
  region size 2048K, 12 young (24576K), 1 survivors (2048K)
 Metaspace       used 63517K, committed 63936K, reserved 1105920K
  class space    used 8396K, committed 8576K, reserved 1048576K
}
Event: 8.235 GC heap after
{Heap after GC invocations=19 (full 0):
 garbage-first heap   total 61440K, used 25433K [0x000000070a000000, 0x0000000800000000)
  region size 2048K, 1 young (2048K), 1 survivors (2048K)
 Metaspace       used 63517K, committed 63936K, reserved 1105920K
  class space    used 8396K, committed 8576K, reserved 1048576K
}
Event: 8.567 GC heap before
{Heap before GC invocations=19 (full 0):
 garbage-first heap   total 61440K, used 47961K [0x000000070a000000, 0x0000000800000000)
  region size 2048K, 12 young (24576K), 1 survivors (2048K)
 Metaspace       used 66579K, committed 67072K, reserved 1114112K
  class space    used 8884K, committed 9088K, reserved 1048576K
}
Event: 8.569 GC heap after
{Heap after GC invocations=20 (full 0):
 garbage-first heap   total 61440K, used 26334K [0x000000070a000000, 0x0000000800000000)
  region size 2048K, 2 young (4096K), 2 survivors (4096K)
 Metaspace       used 66579K, committed 67072K, reserved 1114112K
  class space    used 8884K, committed 9088K, reserved 1048576K
}
Event: 9.128 GC heap before
{Heap before GC invocations=20 (full 0):
 garbage-first heap   total 61440K, used 48862K [0x000000070a000000, 0x0000000800000000)
  region size 2048K, 13 young (26624K), 2 survivors (4096K)
 Metaspace       used 69489K, committed 70016K, reserved 1114112K
  class space    used 9234K, committed 9472K, reserved 1048576K
}
Event: 9.131 GC heap after
{Heap after GC invocations=21 (full 0):
 garbage-first heap   total 61440K, used 27712K [0x000000070a000000, 0x0000000800000000)
  region size 2048K, 2 young (4096K), 2 survivors (4096K)
 Metaspace       used 69489K, committed 70016K, reserved 1114112K
  class space    used 9234K, committed 9472K, reserved 1048576K
}
Event: 10.094 GC heap before
{Heap before GC invocations=21 (full 0):
 garbage-first heap   total 61440K, used 50240K [0x000000070a000000, 0x0000000800000000)
  region size 2048K, 13 young (26624K), 2 survivors (4096K)
 Metaspace       used 72496K, committed 73024K, reserved 1114112K
  class space    used 9693K, committed 9920K, reserved 1048576K
}
Event: 10.097 GC heap after
{Heap after GC invocations=22 (full 0):
 garbage-first heap   total 61440K, used 30052K [0x000000070a000000, 0x0000000800000000)
  region size 2048K, 2 young (4096K), 2 survivors (4096K)
 Metaspace       used 72496K, committed 73024K, reserved 1114112K
  class space    used 9693K, committed 9920K, reserved 1048576K
}

